<?xml version="1.0" encoding="UTF-8"?>
<!-- Generated by org.testng.reporters.JUnitReportReporter -->
<testsuite skipped="0" hostname="RSI1593" name="br.com.rsinet.hub_TDD.tests.TestPesquisaNaLupa" tests="2" failures="0" timestamp="2020-01-28T09:13:16 GMT-03:00" time="26.759" errors="0">
  <testcase name="PesquisaLupa" time="14.038" classname="br.com.rsinet.hub_TDD.tests.TestPesquisaNaLupa"/>
  <testcase name="PesqLupaNenhumProduto" time="12.721" classname="br.com.rsinet.hub_TDD.tests.TestPesquisaNaLupa"/>
</testsuite> <!-- br.com.rsinet.hub_TDD.tests.TestPesquisaNaLupa -->
