<?xml version="1.0" encoding="UTF-8"?>
<!-- Generated by org.testng.reporters.JUnitReportReporter -->
<testsuite hostname="RSI1593" failures="0" tests="2" name="br.com.rsinet.hub_TDD.tests.TestCriaConta" time="34.424" errors="0" timestamp="2020-01-28T09:50:25 GMT-03:00" skipped="0">
  <testcase classname="br.com.rsinet.hub_TDD.tests.TestCriaConta" name="CriaConta" time="16.877"/>
  <testcase classname="br.com.rsinet.hub_TDD.tests.TestCriaConta" name="CriaContaFalha" time="17.547"/>
</testsuite> <!-- br.com.rsinet.hub_TDD.tests.TestCriaConta -->
