<?xml version="1.0" encoding="UTF-8"?>
<!-- Generated by org.testng.reporters.JUnitReportReporter -->
<testsuite skipped="0" hostname="RSI1593" name="br.com.rsinet.hub_TDD.tests.TestPesquisaNaLupa" tests="2" failures="0" timestamp="2020-01-27T12:54:29 GMT-03:00" time="25.724" errors="0">
  <testcase name="PesquisaLupa" time="13.243" classname="br.com.rsinet.hub_TDD.tests.TestPesquisaNaLupa"/>
  <testcase name="PesqLupaNenhumProduto" time="12.481" classname="br.com.rsinet.hub_TDD.tests.TestPesquisaNaLupa"/>
</testsuite> <!-- br.com.rsinet.hub_TDD.tests.TestPesquisaNaLupa -->
