<?xml version="1.0" encoding="UTF-8"?>
<!-- Generated by org.testng.reporters.JUnitReportReporter -->
<testsuite skipped="0" hostname="RSI1593" name="br.com.rsinet.HUB_TDD.tests.TestPesquisaNaHome" tests="2" failures="0" timestamp="2020-01-17T12:42:16 GMT-03:00" time="36.972" errors="0">
  <testcase name="PesquisaHome" time="12.811" classname="br.com.rsinet.HUB_TDD.tests.TestPesquisaNaHome"/>
  <testcase name="PesquisaHomeFalha" time="24.161" classname="br.com.rsinet.HUB_TDD.tests.TestPesquisaNaHome"/>
</testsuite> <!-- br.com.rsinet.HUB_TDD.tests.TestPesquisaNaHome -->
