<?xml version="1.0" encoding="UTF-8"?>
<!-- Generated by org.testng.reporters.JUnitReportReporter -->
<testsuite hostname="RSI1593" failures="0" tests="2" name="br.com.rsinet.HUB_TDD.tests.TestCriaConta" time="32.881" errors="0" timestamp="2020-01-24T11:10:26 GMT-03:00" skipped="0">
  <testcase classname="br.com.rsinet.HUB_TDD.tests.TestCriaConta" name="CriaConta" time="16.769"/>
  <testcase classname="br.com.rsinet.HUB_TDD.tests.TestCriaConta" name="CriaContaFalha" time="16.112"/>
</testsuite> <!-- br.com.rsinet.HUB_TDD.tests.TestCriaConta -->
