<?xml version="1.0" encoding="UTF-8"?>
<!-- Generated by org.testng.reporters.JUnitReportReporter -->
<testsuite skipped="0" hostname="RSI1593" name="br.com.rsinet.HUB_TDD.tests.TestCriaConta" tests="2" failures="0" timestamp="2020-01-16T22:09:26 GMT-03:00" time="17.235" errors="0">
  <testcase name="CriaConta" time="7.366" classname="br.com.rsinet.HUB_TDD.tests.TestCriaConta"/>
  <testcase name="CriaContaFalha" time="9.869" classname="br.com.rsinet.HUB_TDD.tests.TestCriaConta"/>
</testsuite> <!-- br.com.rsinet.HUB_TDD.tests.TestCriaConta -->
