<?xml version="1.0" encoding="UTF-8"?>
<!-- Generated by org.testng.reporters.JUnitReportReporter -->
<testsuite hostname="RSI1593" failures="0" tests="2" name="br.com.rsinet.hub_TDD.tests.TestCriaConta" time="33.707" errors="0" timestamp="2020-01-28T10:03:58 GMT-03:00" skipped="0">
  <testcase classname="br.com.rsinet.hub_TDD.tests.TestCriaConta" name="CriaConta" time="16.888"/>
  <testcase classname="br.com.rsinet.hub_TDD.tests.TestCriaConta" name="CriaContaFalha" time="16.819"/>
</testsuite> <!-- br.com.rsinet.hub_TDD.tests.TestCriaConta -->
