<?xml version="1.0" encoding="UTF-8"?>
<!-- Generated by org.testng.reporters.JUnitReportReporter -->
<testsuite hostname="RSI1593" failures="0" tests="2" name="br.com.rsinet.hub_TDD.tests.TestPesquisaNaLupa" time="26.584" errors="0" timestamp="2020-01-27T15:34:45 GMT-03:00" skipped="0">
  <testcase classname="br.com.rsinet.hub_TDD.tests.TestPesquisaNaLupa" name="PesquisaLupa" time="13.600"/>
  <testcase classname="br.com.rsinet.hub_TDD.tests.TestPesquisaNaLupa" name="PesqLupaNenhumProduto" time="12.984"/>
</testsuite> <!-- br.com.rsinet.hub_TDD.tests.TestPesquisaNaLupa -->
