<?xml version="1.0" encoding="UTF-8"?>
<!-- Generated by org.testng.reporters.JUnitReportReporter -->
<testsuite skipped="0" hostname="RSI1593" name="br.com.rsinet.HUB_TDD.tests.TestPesquisaNaHome" tests="2" failures="0" timestamp="2020-01-15T12:55:12 GMT-03:00" time="15.693" errors="0">
  <testcase name="PesquisaLupa" time="6.887" classname="br.com.rsinet.HUB_TDD.tests.TestPesquisaNaHome"/>
  <testcase name="PesquisaLupaFalha" time="8.806" classname="br.com.rsinet.HUB_TDD.tests.TestPesquisaNaHome"/>
</testsuite> <!-- br.com.rsinet.HUB_TDD.tests.TestPesquisaNaHome -->
