<?xml version="1.0" encoding="UTF-8"?>
<!-- Generated by org.testng.reporters.JUnitReportReporter -->
<testsuite skipped="0" hostname="RSI1593" name="br.com.rsinet.hub_TDD.tests.TestCriaConta" tests="2" failures="0" timestamp="2020-01-28T09:11:57 GMT-03:00" time="36.174" errors="0">
  <testcase name="CriaConta" time="18.320" classname="br.com.rsinet.hub_TDD.tests.TestCriaConta"/>
  <testcase name="CriaContaFalha" time="17.854" classname="br.com.rsinet.hub_TDD.tests.TestCriaConta"/>
</testsuite> <!-- br.com.rsinet.hub_TDD.tests.TestCriaConta -->
