<?xml version="1.0" encoding="UTF-8"?>
<!-- Generated by org.testng.reporters.JUnitReportReporter -->
<testsuite hostname="RSI1593" failures="0" tests="2" name="br.com.rsinet.HUB_TDD.tests.TestPesquisaNaHome" time="26.401" errors="0" timestamp="2020-01-24T11:11:25 GMT-03:00" skipped="0">
  <testcase classname="br.com.rsinet.HUB_TDD.tests.TestPesquisaNaHome" name="PesquisaHome" time="12.474"/>
  <testcase classname="br.com.rsinet.HUB_TDD.tests.TestPesquisaNaHome" name="PesquisaHomeFalha" time="13.927"/>
</testsuite> <!-- br.com.rsinet.HUB_TDD.tests.TestPesquisaNaHome -->
