<?xml version="1.0" encoding="UTF-8"?>
<!-- Generated by org.testng.reporters.JUnitReportReporter -->
<testsuite skipped="0" hostname="RSI1593" name="br.com.rsinet.HUB_TDD.tests.TestCriaConta" tests="2" failures="0" timestamp="2020-01-17T12:41:07 GMT-03:00" time="31.568" errors="0">
  <testcase name="CriaConta" time="16.114" classname="br.com.rsinet.HUB_TDD.tests.TestCriaConta"/>
  <testcase name="CriaContaFalha" time="15.454" classname="br.com.rsinet.HUB_TDD.tests.TestCriaConta"/>
</testsuite> <!-- br.com.rsinet.HUB_TDD.tests.TestCriaConta -->
