<?xml version="1.0" encoding="UTF-8"?>
<!-- Generated by org.testng.reporters.JUnitReportReporter -->
<testsuite skipped="0" hostname="RSI1593" name="br.com.rsinet.HUB_TDD.tests.TestCriaConta" tests="2" failures="0" timestamp="2020-01-16T19:50:54 GMT-03:00" time="24.512" errors="0">
  <testcase name="CriaConta" time="12.207" classname="br.com.rsinet.HUB_TDD.tests.TestCriaConta"/>
  <testcase name="CriaContaFalha" time="12.305" classname="br.com.rsinet.HUB_TDD.tests.TestCriaConta"/>
</testsuite> <!-- br.com.rsinet.HUB_TDD.tests.TestCriaConta -->
