<?xml version="1.0" encoding="UTF-8"?>
<!-- Generated by org.testng.reporters.JUnitReportReporter -->
<testsuite hostname="RSI1593" failures="0" tests="2" name="br.com.rsinet.hub_TDD.tests.TestCriaConta" time="34.194" errors="0" timestamp="2020-01-27T15:37:48 GMT-03:00" skipped="0">
  <testcase classname="br.com.rsinet.hub_TDD.tests.TestCriaConta" name="CriaConta" time="16.426"/>
  <testcase classname="br.com.rsinet.hub_TDD.tests.TestCriaConta" name="CriaContaFalha" time="17.768"/>
</testsuite> <!-- br.com.rsinet.hub_TDD.tests.TestCriaConta -->
