<?xml version="1.0" encoding="UTF-8"?>
<!-- Generated by org.testng.reporters.JUnitReportReporter -->
<testsuite skipped="0" hostname="RSI1593" name="br.com.rsinet.HUB_TDD.tests.TestPesquisaNaLupa" tests="2" failures="0" timestamp="2020-01-15T12:51:12 GMT-03:00" time="12.496" errors="0">
  <testcase name="PesquisaLupa" time="6.958" classname="br.com.rsinet.HUB_TDD.tests.TestPesquisaNaLupa"/>
  <testcase name="PesquisaLupaFalha" time="5.538" classname="br.com.rsinet.HUB_TDD.tests.TestPesquisaNaLupa"/>
</testsuite> <!-- br.com.rsinet.HUB_TDD.tests.TestPesquisaNaLupa -->
