<?xml version="1.0" encoding="UTF-8"?>
<!-- Generated by org.testng.reporters.JUnitReportReporter -->
<testsuite hostname="RSI1593" failures="0" tests="2" name="br.com.rsinet.hub_TDD.tests.TestCriaConta" time="32.845" errors="0" timestamp="2020-01-27T10:56:04 GMT-03:00" skipped="0">
  <testcase classname="br.com.rsinet.hub_TDD.tests.TestCriaConta" name="CriaConta" time="17.105"/>
  <testcase classname="br.com.rsinet.hub_TDD.tests.TestCriaConta" name="CriaContaFalha" time="15.740"/>
</testsuite> <!-- br.com.rsinet.hub_TDD.tests.TestCriaConta -->
