<?xml version="1.0" encoding="UTF-8"?>
<!-- Generated by org.testng.reporters.JUnitReportReporter -->
<testsuite skipped="0" hostname="RSI1593" name="br.com.rsinet.HUB_TDD.tests.TestPesquisaNaLupa" tests="2" failures="0" timestamp="2020-01-16T17:01:45 GMT-03:00" time="9.268" errors="0">
  <testcase name="PesquisaLupa" time="7.402" classname="br.com.rsinet.HUB_TDD.tests.TestPesquisaNaLupa"/>
  <testcase name="PesqLupaNenhumProduto" time="1.866" classname="br.com.rsinet.HUB_TDD.tests.TestPesquisaNaLupa"/>
</testsuite> <!-- br.com.rsinet.HUB_TDD.tests.TestPesquisaNaLupa -->
