<?xml version="1.0" encoding="UTF-8"?>
<!-- Generated by org.testng.reporters.JUnitReportReporter -->
<testsuite skipped="0" hostname="RSI1593" name="br.com.rsinet.hub_TDD.tests.TestPesquisaNaHome" tests="2" failures="0" timestamp="2020-01-28T09:12:34 GMT-03:00" time="29.010" errors="0">
  <testcase name="PesquisaHome" time="13.005" classname="br.com.rsinet.hub_TDD.tests.TestPesquisaNaHome"/>
  <testcase name="PesquisaHomeFalha" time="16.005" classname="br.com.rsinet.hub_TDD.tests.TestPesquisaNaHome"/>
</testsuite> <!-- br.com.rsinet.hub_TDD.tests.TestPesquisaNaHome -->
