<?xml version="1.0" encoding="UTF-8"?>
<!-- Generated by org.testng.reporters.JUnitReportReporter -->
<testsuite skipped="0" hostname="RSI1593" name="br.com.rsinet.HUB_TDD.tests.TestPesquisaNaLupa" tests="2" failures="0" timestamp="2020-01-17T12:42:59 GMT-03:00" time="24.957" errors="0">
  <testcase name="PesquisaLupa" time="12.543" classname="br.com.rsinet.HUB_TDD.tests.TestPesquisaNaLupa"/>
  <testcase name="PesqLupaNenhumProduto" time="12.414" classname="br.com.rsinet.HUB_TDD.tests.TestPesquisaNaLupa"/>
</testsuite> <!-- br.com.rsinet.HUB_TDD.tests.TestPesquisaNaLupa -->
