<?xml version="1.0" encoding="UTF-8"?>
<!-- Generated by org.testng.reporters.JUnitReportReporter -->
<testsuite hostname="RSI1593" failures="0" tests="2" name="br.com.rsinet.hub_TDD.tests.TestPesquisaNaHome" time="27.156" errors="0" timestamp="2020-01-27T15:22:58 GMT-03:00" skipped="0">
  <testcase classname="br.com.rsinet.hub_TDD.tests.TestPesquisaNaHome" name="PesquisaHome" time="13.444"/>
  <testcase classname="br.com.rsinet.hub_TDD.tests.TestPesquisaNaHome" name="PesquisaHomeFalha" time="13.712"/>
</testsuite> <!-- br.com.rsinet.hub_TDD.tests.TestPesquisaNaHome -->
